This file contains any messages produced by compilers while
running configure, to aid debugging if configure makes a mistake.

It was created by RISC-V ISA Simulator configure ?, which was
generated by GNU Autoconf 2.69.  Invocation command line was

  $ ../configure --prefix=/home/username/RISCV/ --with-fesvr=/home/username/RISCV/ --with-isa=rv32i --enable-histogram --with-xlen=32 --no-create --no-recursion

## --------- ##
## Platform. ##
## --------- ##

hostname = radeon-cse
uname -m = x86_64
uname -r = 4.15.0-72-generic
uname -s = Linux
uname -v = #81-Ubuntu SMP Tue Nov 26 12:20:02 UTC 2019

/usr/bin/uname -p = unknown
/bin/uname -X     = unknown

/bin/arch              = unknown
/usr/bin/arch -k       = unknown
/usr/convex/getsysinfo = unknown
/usr/bin/hostinfo      = unknown
/bin/machine           = unknown
/usr/bin/oslevel       = unknown
/bin/universe          = unknown

PATH: /usr/local/sbin
PATH: /usr/local/bin
PATH: /usr/sbin
PATH: /usr/bin
PATH: /sbin
PATH: /bin
PATH: /usr/games
PATH: /usr/local/games
PATH: /snap/bin


## ----------- ##
## Core tests. ##
## ----------- ##

configure:2142: checking build system type
configure:2156: result: x86_64-unknown-linux-gnu
configure:2176: checking host system type
configure:2189: result: x86_64-unknown-linux-gnu
configure:2302: checking for gcc
configure:2318: found /usr/bin/gcc
configure:2329: result: gcc
configure:2558: checking for C compiler version
configure:2567: gcc --version >&5
gcc (Ubuntu 7.5.0-3ubuntu1~18.04) 7.5.0
Copyright (C) 2017 Free Software Foundation, Inc.
This is free software; see the source for copying conditions.  There is NO
warranty; not even for MERCHANTABILITY or FITNESS FOR A PARTICULAR PURPOSE.

configure:2578: $? = 0
configure:2567: gcc -v >&5
Using built-in specs.
COLLECT_GCC=gcc
COLLECT_LTO_WRAPPER=/usr/lib/gcc/x86_64-linux-gnu/7/lto-wrapper
OFFLOAD_TARGET_NAMES=nvptx-none
OFFLOAD_TARGET_DEFAULT=1
Target: x86_64-linux-gnu
Configured with: ../src/configure -v --with-pkgversion='Ubuntu 7.5.0-3ubuntu1~18.04' --with-bugurl=file:///usr/share/doc/gcc-7/README.Bugs --enable-languages=c,ada,c++,go,brig,d,fortran,objc,obj-c++ --prefix=/usr --with-gcc-major-version-only --program-suffix=-7 --program-prefix=x86_64-linux-gnu- --enable-shared --enable-linker-build-id --libexecdir=/usr/lib --without-included-gettext --enable-threads=posix --libdir=/usr/lib --enable-nls --enable-bootstrap --enable-clocale=gnu --enable-libstdcxx-debug --enable-libstdcxx-time=yes --with-default-libstdcxx-abi=new --enable-gnu-unique-object --disable-vtable-verify --enable-libmpx --enable-plugin --enable-default-pie --with-system-zlib --with-target-system-zlib --enable-objc-gc=auto --enable-multiarch --disable-werror --with-arch-32=i686 --with-abi=m64 --with-multilib-list=m32,m64,mx32 --enable-multilib --with-tune=generic --enable-offload-targets=nvptx-none --without-cuda-driver --enable-checking=release --build=x86_64-linux-gnu --host=x86_64-linux-gnu --target=x86_64-linux-gnu
Thread model: posix
gcc version 7.5.0 (Ubuntu 7.5.0-3ubuntu1~18.04) 
configure:2578: $? = 0
configure:2567: gcc -V >&5
gcc: error: unrecognized command line option '-V'
gcc: fatal error: no input files
compilation terminated.
configure:2578: $? = 1
configure:2567: gcc -qversion >&5
gcc: error: unrecognized command line option '-qversion'; did you mean '--version'?
gcc: fatal error: no input files
compilation terminated.
configure:2578: $? = 1
configure:2598: checking whether the C compiler works
configure:2620: gcc    conftest.c  >&5
configure:2624: $? = 0
configure:2672: result: yes
configure:2675: checking for C compiler default output file name
configure:2677: result: a.out
configure:2683: checking for suffix of executables
configure:2690: gcc -o conftest    conftest.c  >&5
configure:2694: $? = 0
configure:2716: result: 
configure:2738: checking whether we are cross compiling
configure:2746: gcc -o conftest    conftest.c  >&5
configure:2750: $? = 0
configure:2757: ./conftest
configure:2761: $? = 0
configure:2776: result: no
configure:2781: checking for suffix of object files
configure:2803: gcc -c   conftest.c >&5
configure:2807: $? = 0
configure:2828: result: o
configure:2832: checking whether we are using the GNU C compiler
configure:2851: gcc -c   conftest.c >&5
configure:2851: $? = 0
configure:2860: result: yes
configure:2869: checking whether gcc accepts -g
configure:2889: gcc -c -g  conftest.c >&5
configure:2889: $? = 0
configure:2930: result: yes
configure:2947: checking for gcc option to accept ISO C89
configure:3010: gcc  -c -g -O2  conftest.c >&5
configure:3010: $? = 0
configure:3023: result: none needed
configure:3101: checking for g++
configure:3117: found /usr/bin/g++
configure:3128: result: g++
configure:3155: checking for C++ compiler version
configure:3164: g++ --version >&5
g++ (Ubuntu 7.5.0-3ubuntu1~18.04) 7.5.0
Copyright (C) 2017 Free Software Foundation, Inc.
This is free software; see the source for copying conditions.  There is NO
warranty; not even for MERCHANTABILITY or FITNESS FOR A PARTICULAR PURPOSE.

configure:3175: $? = 0
configure:3164: g++ -v >&5
Using built-in specs.
COLLECT_GCC=g++
COLLECT_LTO_WRAPPER=/usr/lib/gcc/x86_64-linux-gnu/7/lto-wrapper
OFFLOAD_TARGET_NAMES=nvptx-none
OFFLOAD_TARGET_DEFAULT=1
Target: x86_64-linux-gnu
Configured with: ../src/configure -v --with-pkgversion='Ubuntu 7.5.0-3ubuntu1~18.04' --with-bugurl=file:///usr/share/doc/gcc-7/README.Bugs --enable-languages=c,ada,c++,go,brig,d,fortran,objc,obj-c++ --prefix=/usr --with-gcc-major-version-only --program-suffix=-7 --program-prefix=x86_64-linux-gnu- --enable-shared --enable-linker-build-id --libexecdir=/usr/lib --without-included-gettext --enable-threads=posix --libdir=/usr/lib --enable-nls --enable-bootstrap --enable-clocale=gnu --enable-libstdcxx-debug --enable-libstdcxx-time=yes --with-default-libstdcxx-abi=new --enable-gnu-unique-object --disable-vtable-verify --enable-libmpx --enable-plugin --enable-default-pie --with-system-zlib --with-target-system-zlib --enable-objc-gc=auto --enable-multiarch --disable-werror --with-arch-32=i686 --with-abi=m64 --with-multilib-list=m32,m64,mx32 --enable-multilib --with-tune=generic --enable-offload-targets=nvptx-none --without-cuda-driver --enable-checking=release --build=x86_64-linux-gnu --host=x86_64-linux-gnu --target=x86_64-linux-gnu
Thread model: posix
gcc version 7.5.0 (Ubuntu 7.5.0-3ubuntu1~18.04) 
configure:3175: $? = 0
configure:3164: g++ -V >&5
g++: error: unrecognized command line option '-V'
g++: fatal error: no input files
compilation terminated.
configure:3175: $? = 1
configure:3164: g++ -qversion >&5
g++: error: unrecognized command line option '-qversion'; did you mean '--version'?
g++: fatal error: no input files
compilation terminated.
configure:3175: $? = 1
configure:3179: checking whether we are using the GNU C++ compiler
configure:3198: g++ -c   conftest.cpp >&5
configure:3198: $? = 0
configure:3207: result: yes
configure:3216: checking whether g++ accepts -g
configure:3236: g++ -c -g  conftest.cpp >&5
configure:3236: $? = 0
configure:3277: result: yes
configure:3343: checking for ar
configure:3359: found /usr/bin/ar
configure:3370: result: ar
configure:3435: checking for ranlib
configure:3451: found /usr/bin/ranlib
configure:3462: result: ranlib
configure:3486: checking for dtc
configure:3504: found /usr/bin/dtc
configure:3517: result: /usr/bin/dtc
configure:3540: checking how to run the C++ preprocessor
configure:3567: g++ -E  conftest.cpp
configure:3567: $? = 0
configure:3581: g++ -E  conftest.cpp
conftest.cpp:10:10: fatal error: ac_nonexistent.h: No such file or directory
 #include <ac_nonexistent.h>
          ^~~~~~~~~~~~~~~~~~
compilation terminated.
configure:3581: $? = 1
configure: failed program was:
| /* confdefs.h */
| #define PACKAGE_NAME "RISC-V ISA Simulator"
| #define PACKAGE_TARNAME "spike"
| #define PACKAGE_VERSION "?"
| #define PACKAGE_STRING "RISC-V ISA Simulator ?"
| #define PACKAGE_BUGREPORT "Andrew Waterman"
| #define PACKAGE_URL ""
| #define DTC "/usr/bin/dtc"
| /* end confdefs.h.  */
| #include <ac_nonexistent.h>
configure:3606: result: g++ -E
configure:3626: g++ -E  conftest.cpp
configure:3626: $? = 0
configure:3640: g++ -E  conftest.cpp
conftest.cpp:10:10: fatal error: ac_nonexistent.h: No such file or directory
 #include <ac_nonexistent.h>
          ^~~~~~~~~~~~~~~~~~
compilation terminated.
configure:3640: $? = 1
configure: failed program was:
| /* confdefs.h */
| #define PACKAGE_NAME "RISC-V ISA Simulator"
| #define PACKAGE_TARNAME "spike"
| #define PACKAGE_VERSION "?"
| #define PACKAGE_STRING "RISC-V ISA Simulator ?"
| #define PACKAGE_BUGREPORT "Andrew Waterman"
| #define PACKAGE_URL ""
| #define DTC "/usr/bin/dtc"
| /* end confdefs.h.  */
| #include <ac_nonexistent.h>
configure:3669: checking for grep that handles long lines and -e
configure:3727: result: /bin/grep
configure:3732: checking for egrep
configure:3794: result: /bin/grep -E
configure:3799: checking for ANSI C header files
configure:3819: g++ -c -g -O2  conftest.cpp >&5
configure:3819: $? = 0
configure:3892: g++ -o conftest -g -O2   conftest.cpp  >&5
configure:3892: $? = 0
configure:3892: ./conftest
configure:3892: $? = 0
configure:3903: result: yes
configure:3916: checking for sys/types.h
configure:3916: g++ -c -g -O2  conftest.cpp >&5
configure:3916: $? = 0
configure:3916: result: yes
configure:3916: checking for sys/stat.h
configure:3916: g++ -c -g -O2  conftest.cpp >&5
configure:3916: $? = 0
configure:3916: result: yes
configure:3916: checking for stdlib.h
configure:3916: g++ -c -g -O2  conftest.cpp >&5
configure:3916: $? = 0
configure:3916: result: yes
configure:3916: checking for string.h
configure:3916: g++ -c -g -O2  conftest.cpp >&5
configure:3916: $? = 0
configure:3916: result: yes
configure:3916: checking for memory.h
configure:3916: g++ -c -g -O2  conftest.cpp >&5
configure:3916: $? = 0
configure:3916: result: yes
configure:3916: checking for strings.h
configure:3916: g++ -c -g -O2  conftest.cpp >&5
configure:3916: $? = 0
configure:3916: result: yes
configure:3916: checking for inttypes.h
configure:3916: g++ -c -g -O2  conftest.cpp >&5
configure:3916: $? = 0
configure:3916: result: yes
configure:3916: checking for stdint.h
configure:3916: g++ -c -g -O2  conftest.cpp >&5
configure:3916: $? = 0
configure:3916: result: yes
configure:3916: checking for unistd.h
configure:3916: g++ -c -g -O2  conftest.cpp >&5
configure:3916: $? = 0
configure:3916: result: yes
configure:3928: checking whether byte ordering is bigendian
configure:3943: g++ -c -g -O2  conftest.cpp >&5
conftest.cpp:21:9: error: expected unqualified-id before 'not' token
         not a universal capable compiler
         ^~~
configure:3943: $? = 1
configure: failed program was:
| /* confdefs.h */
| #define PACKAGE_NAME "RISC-V ISA Simulator"
| #define PACKAGE_TARNAME "spike"
| #define PACKAGE_VERSION "?"
| #define PACKAGE_STRING "RISC-V ISA Simulator ?"
| #define PACKAGE_BUGREPORT "Andrew Waterman"
| #define PACKAGE_URL ""
| #define DTC "/usr/bin/dtc"
| #define STDC_HEADERS 1
| #define HAVE_SYS_TYPES_H 1
| #define HAVE_SYS_STAT_H 1
| #define HAVE_STDLIB_H 1
| #define HAVE_STRING_H 1
| #define HAVE_MEMORY_H 1
| #define HAVE_STRINGS_H 1
| #define HAVE_INTTYPES_H 1
| #define HAVE_STDINT_H 1
| #define HAVE_UNISTD_H 1
| /* end confdefs.h.  */
| #ifndef __APPLE_CC__
| 	       not a universal capable compiler
| 	     #endif
| 	     typedef int dummy;
| 
configure:3988: g++ -c -g -O2  conftest.cpp >&5
configure:3988: $? = 0
configure:4006: g++ -c -g -O2  conftest.cpp >&5
conftest.cpp: In function 'int main()':
conftest.cpp:27:8: error: 'big' was not declared in this scope
    not big endian
        ^~~
configure:4006: $? = 1
configure: failed program was:
| /* confdefs.h */
| #define PACKAGE_NAME "RISC-V ISA Simulator"
| #define PACKAGE_TARNAME "spike"
| #define PACKAGE_VERSION "?"
| #define PACKAGE_STRING "RISC-V ISA Simulator ?"
| #define PACKAGE_BUGREPORT "Andrew Waterman"
| #define PACKAGE_URL ""
| #define DTC "/usr/bin/dtc"
| #define STDC_HEADERS 1
| #define HAVE_SYS_TYPES_H 1
| #define HAVE_SYS_STAT_H 1
| #define HAVE_STDLIB_H 1
| #define HAVE_STRING_H 1
| #define HAVE_MEMORY_H 1
| #define HAVE_STRINGS_H 1
| #define HAVE_INTTYPES_H 1
| #define HAVE_STDINT_H 1
| #define HAVE_UNISTD_H 1
| /* end confdefs.h.  */
| #include <sys/types.h>
| 		#include <sys/param.h>
| 
| int
| main ()
| {
| #if BYTE_ORDER != BIG_ENDIAN
| 		 not big endian
| 		#endif
| 
|   ;
|   return 0;
| }
configure:4134: result: no
configure:4174: checking for a BSD-compatible install
configure:4242: result: /usr/bin/install -c
configure:4281: checking for ANSI C header files
configure:4385: result: yes
configure:4398: checking for __int128_t
configure:4398: g++ -c -g -O2  conftest.cpp >&5
configure:4398: $? = 0
configure:4398: g++ -c -g -O2  conftest.cpp >&5
conftest.cpp: In function 'int main()':
conftest.cpp:57:24: error: expected primary-expression before ')' token
 if (sizeof ((__int128_t)))
                        ^
configure:4398: $? = 1
configure: failed program was:
| /* confdefs.h */
| #define PACKAGE_NAME "RISC-V ISA Simulator"
| #define PACKAGE_TARNAME "spike"
| #define PACKAGE_VERSION "?"
| #define PACKAGE_STRING "RISC-V ISA Simulator ?"
| #define PACKAGE_BUGREPORT "Andrew Waterman"
| #define PACKAGE_URL ""
| #define DTC "/usr/bin/dtc"
| #define STDC_HEADERS 1
| #define HAVE_SYS_TYPES_H 1
| #define HAVE_SYS_STAT_H 1
| #define HAVE_STDLIB_H 1
| #define HAVE_STRING_H 1
| #define HAVE_MEMORY_H 1
| #define HAVE_STRINGS_H 1
| #define HAVE_INTTYPES_H 1
| #define HAVE_STDINT_H 1
| #define HAVE_UNISTD_H 1
| #define STDC_HEADERS 1
| /* end confdefs.h.  */
| #include <stdio.h>
| #ifdef HAVE_SYS_TYPES_H
| # include <sys/types.h>
| #endif
| #ifdef HAVE_SYS_STAT_H
| # include <sys/stat.h>
| #endif
| #ifdef STDC_HEADERS
| # include <stdlib.h>
| # include <stddef.h>
| #else
| # ifdef HAVE_STDLIB_H
| #  include <stdlib.h>
| # endif
| #endif
| #ifdef HAVE_STRING_H
| # if !defined STDC_HEADERS && defined HAVE_MEMORY_H
| #  include <memory.h>
| # endif
| # include <string.h>
| #endif
| #ifdef HAVE_STRINGS_H
| # include <strings.h>
| #endif
| #ifdef HAVE_INTTYPES_H
| # include <inttypes.h>
| #endif
| #ifdef HAVE_STDINT_H
| # include <stdint.h>
| #endif
| #ifdef HAVE_UNISTD_H
| # include <unistd.h>
| #endif
| int
| main ()
| {
| if (sizeof ((__int128_t)))
| 	    return 0;
|   ;
|   return 0;
| }
configure:4398: result: yes
configure:4413: checking whether the linker accepts -Wl,--export-dynamic
configure:4432: g++ -o conftest -Wall -Wno-unused -g -O2 -std=c++11    -Wl,--export-dynamic conftest.cpp  >&5
configure:4432: $? = 0
configure:4441: result: yes
configure:4502: configuring default subproject : fesvr
configure:4511: checking for pthread_create in -lpthread
configure:4536: g++ -o conftest -Wall -Wno-unused -g -O2 -std=c++11  -Wl,--export-dynamic conftest.cpp -lpthread   >&5
configure:4536: $? = 0
configure:4545: result: yes
configure:4594: configuring default subproject : riscv
configure:4678: checking for library containing dlopen
configure:4709: g++ -o conftest -Wall -Wno-unused -g -O2 -std=c++11  -Wl,--export-dynamic conftest.cpp -lpthread  >&5
/tmp/ccgecZ8j.o: In function `main':
/home/UNT/sa0659/git/flash_spike/build/conftest.cpp:39: undefined reference to `dlopen'
collect2: error: ld returned 1 exit status
configure:4709: $? = 1
configure: failed program was:
| /* confdefs.h */
| #define PACKAGE_NAME "RISC-V ISA Simulator"
| #define PACKAGE_TARNAME "spike"
| #define PACKAGE_VERSION "?"
| #define PACKAGE_STRING "RISC-V ISA Simulator ?"
| #define PACKAGE_BUGREPORT "Andrew Waterman"
| #define PACKAGE_URL ""
| #define DTC "/usr/bin/dtc"
| #define STDC_HEADERS 1
| #define HAVE_SYS_TYPES_H 1
| #define HAVE_SYS_STAT_H 1
| #define HAVE_STDLIB_H 1
| #define HAVE_STRING_H 1
| #define HAVE_MEMORY_H 1
| #define HAVE_STRINGS_H 1
| #define HAVE_INTTYPES_H 1
| #define HAVE_STDINT_H 1
| #define HAVE_UNISTD_H 1
| #define STDC_HEADERS 1
| #define FESVR_ENABLED /**/
| #define HAVE_LIBPTHREAD 1
| #define RISCV_ENABLED /**/
| #define DEFAULT_ISA "rv32i"
| #define DEFAULT_PRIV "MSU"
| #define DEFAULT_VARCH "v128:e32:s128"
| #define DEFAULT_TIMING "NONE"
| /* end confdefs.h.  */
| 
| /* Override any GCC internal prototype to avoid an error.
|    Use char because int might match the return type of a GCC
|    builtin and then its argument prototype would still apply.  */
| #ifdef __cplusplus
| extern "C"
| #endif
| char dlopen ();
| int
| main ()
| {
| return dlopen ();
|   ;
|   return 0;
| }
configure:4709: g++ -o conftest -Wall -Wno-unused -g -O2 -std=c++11  -Wl,--export-dynamic conftest.cpp -ldl  -lpthread  >&5
configure:4709: $? = 0
configure:4726: result: -ldl
configure:4739: checking for pthread_create in -lpthread
configure:4773: result: yes
configure:4874: configuring default subproject : dummy_rocc
configure:4919: configuring default subproject : softfloat
configure:4964: configuring default subproject : spike_main
configure:5131: creating ./config.status
configure:6302: WARNING: unrecognized options: --with-fesvr, --with-xlen

## ---------------- ##
## Cache variables. ##
## ---------------- ##

ac_cv_build=x86_64-unknown-linux-gnu
ac_cv_c_bigendian=no
ac_cv_c_compiler_gnu=yes
ac_cv_cxx_compiler_gnu=yes
ac_cv_env_CCC_set=
ac_cv_env_CCC_value=
ac_cv_env_CC_set=
ac_cv_env_CC_value=
ac_cv_env_CFLAGS_set=
ac_cv_env_CFLAGS_value=
ac_cv_env_CPPFLAGS_set=
ac_cv_env_CPPFLAGS_value=
ac_cv_env_CXXCPP_set=
ac_cv_env_CXXCPP_value=
ac_cv_env_CXXFLAGS_set=
ac_cv_env_CXXFLAGS_value=
ac_cv_env_CXX_set=
ac_cv_env_CXX_value=
ac_cv_env_LDFLAGS_set=
ac_cv_env_LDFLAGS_value=
ac_cv_env_LIBS_set=
ac_cv_env_LIBS_value=
ac_cv_env_STOW_PREFIX_set=
ac_cv_env_STOW_PREFIX_value=
ac_cv_env_STOW_ROOT_set=
ac_cv_env_STOW_ROOT_value=
ac_cv_env_build_alias_set=
ac_cv_env_build_alias_value=
ac_cv_env_host_alias_set=
ac_cv_env_host_alias_value=
ac_cv_env_target_alias_set=
ac_cv_env_target_alias_value=
ac_cv_header_inttypes_h=yes
ac_cv_header_memory_h=yes
ac_cv_header_stdc=yes
ac_cv_header_stdint_h=yes
ac_cv_header_stdlib_h=yes
ac_cv_header_string_h=yes
ac_cv_header_strings_h=yes
ac_cv_header_sys_stat_h=yes
ac_cv_header_sys_types_h=yes
ac_cv_header_unistd_h=yes
ac_cv_host=x86_64-unknown-linux-gnu
ac_cv_lib_pthread_pthread_create=yes
ac_cv_objext=o
ac_cv_path_DTC=/usr/bin/dtc
ac_cv_path_EGREP='/bin/grep -E'
ac_cv_path_GREP=/bin/grep
ac_cv_path_install='/usr/bin/install -c'
ac_cv_prog_CXXCPP='g++ -E'
ac_cv_prog_ac_ct_AR=ar
ac_cv_prog_ac_ct_CC=gcc
ac_cv_prog_ac_ct_CXX=g++
ac_cv_prog_ac_ct_RANLIB=ranlib
ac_cv_prog_cc_c89=
ac_cv_prog_cc_g=yes
ac_cv_prog_cxx_g=yes
ac_cv_search_dlopen=-ldl
ac_cv_type___int128_t=yes
ax_cv_check_ldflags___Wl___export_dynamic=yes

## ----------------- ##
## Output variables. ##
## ----------------- ##

AR='ar'
CC='gcc'
CFLAGS='-Wall -Wno-unused -g -O2'
CPPFLAGS=''
CXX='g++'
CXXCPP='g++ -E'
CXXFLAGS='-Wall -Wno-unused -g -O2 -std=c++11'
DEFS='-DHAVE_CONFIG_H'
DTC='/usr/bin/dtc'
ECHO_C=''
ECHO_N='-n'
ECHO_T=''
EGREP='/bin/grep -E'
EXEEXT=''
GREP='/bin/grep'
HAVE_INT128='yes'
INSTALL_DATA='${INSTALL} -m 644'
INSTALL_PROGRAM='${INSTALL}'
INSTALL_SCRIPT='${INSTALL}'
LDFLAGS='-Wl,--export-dynamic'
LIBOBJS=''
LIBS='-lpthread -ldl -lpthread '
LTLIBOBJS=''
OBJEXT='o'
PACKAGE_BUGREPORT='Andrew Waterman'
PACKAGE_NAME='RISC-V ISA Simulator'
PACKAGE_STRING='RISC-V ISA Simulator ?'
PACKAGE_TARNAME='spike'
PACKAGE_URL=''
PACKAGE_VERSION='?'
PATH_SEPARATOR=':'
RANLIB='ranlib'
SHELL='/bin/bash'
STOW_PREFIX=''
STOW_ROOT=''
ac_ct_CC='gcc'
ac_ct_CXX='g++'
bindir='${exec_prefix}/bin'
build='x86_64-unknown-linux-gnu'
build_alias=''
build_cpu='x86_64'
build_os='linux-gnu'
build_vendor='unknown'
datadir='${datarootdir}'
datarootdir='${prefix}/share'
docdir='${datarootdir}/doc/${PACKAGE_TARNAME}'
dvidir='${docdir}'
enable_stow='no'
exec_prefix='${prefix}'
host='x86_64-unknown-linux-gnu'
host_alias=''
host_cpu='x86_64'
host_os='linux-gnu'
host_vendor='unknown'
htmldir='${docdir}'
includedir='${prefix}/include'
infodir='${datarootdir}/info'
libdir='${exec_prefix}/lib'
libexecdir='${exec_prefix}/libexec'
localedir='${datarootdir}/locale'
localstatedir='${prefix}/var'
mandir='${datarootdir}/man'
oldincludedir='/usr/include'
pdfdir='${docdir}'
prefix='/home/username/RISCV'
program_transform_name='s,x,x,'
psdir='${docdir}'
runstatedir='${localstatedir}/run'
sbindir='${exec_prefix}/sbin'
sharedstatedir='${prefix}/com'
subprojects=' fesvr riscv dummy_rocc softfloat spike_main'
subprojects_enabled=' fesvr riscv dummy_rocc softfloat spike_main'
sysconfdir='${prefix}/etc'
target_alias=''

## ----------- ##
## confdefs.h. ##
## ----------- ##

/* confdefs.h */
#define PACKAGE_NAME "RISC-V ISA Simulator"
#define PACKAGE_TARNAME "spike"
#define PACKAGE_VERSION "?"
#define PACKAGE_STRING "RISC-V ISA Simulator ?"
#define PACKAGE_BUGREPORT "Andrew Waterman"
#define PACKAGE_URL ""
#define DTC "/usr/bin/dtc"
#define STDC_HEADERS 1
#define HAVE_SYS_TYPES_H 1
#define HAVE_SYS_STAT_H 1
#define HAVE_STDLIB_H 1
#define HAVE_STRING_H 1
#define HAVE_MEMORY_H 1
#define HAVE_STRINGS_H 1
#define HAVE_INTTYPES_H 1
#define HAVE_STDINT_H 1
#define HAVE_UNISTD_H 1
#define STDC_HEADERS 1
#define FESVR_ENABLED /**/
#define HAVE_LIBPTHREAD 1
#define RISCV_ENABLED /**/
#define DEFAULT_ISA "rv32i"
#define DEFAULT_PRIV "MSU"
#define DEFAULT_VARCH "v128:e32:s128"
#define DEFAULT_TIMING "NONE"
#define HAVE_LIBPTHREAD 1
#define RISCV_ENABLE_HISTOGRAM /**/
#define DUMMY_ROCC_ENABLED /**/
#define SOFTFLOAT_ENABLED /**/
#define SPIKE_MAIN_ENABLED /**/

configure: exit 0

## ---------------------- ##
## Running config.status. ##
## ---------------------- ##

This file was extended by RISC-V ISA Simulator config.status ?, which was
generated by GNU Autoconf 2.69.  Invocation command line was

  CONFIG_FILES    = 
  CONFIG_HEADERS  = 
  CONFIG_LINKS    = 
  CONFIG_COMMANDS = 
  $ ./config.status 

on radeon-cse

config.status:847: creating fesvr.mk
config.status:847: creating riscv.mk
config.status:847: creating dummy_rocc.mk
config.status:847: creating softfloat.mk
config.status:847: creating spike_main.mk
config.status:847: creating Makefile
config.status:847: creating riscv-spike.pc
config.status:847: creating riscv-riscv.pc
config.status:847: creating riscv-fesvr.pc
config.status:847: creating riscv-softfloat.pc
config.status:847: creating riscv-dummy_rocc.pc
config.status:847: creating riscv-spike_main.pc
config.status:847: creating config.h
config.status:1007: config.h is unchanged
